2024-12-26 13:00:39,051 - INFO - Anti-spoofing detector initialized
2024-12-26 13:00:45,840 - ERROR - Error getting current location: Could not get location coordinates
2024-12-26 13:00:47,057 - ERROR - Error getting current location: Could not get location coordinates
2024-12-26 13:00:48,193 - INFO - Got current location: -5.14861,119.43194
2024-12-26 13:00:49,412 - ERROR - Error getting current location: Could not get location coordinates
2024-12-26 13:00:50,544 - ERROR - Error getting current location: Could not get location coordinates
2024-12-26 13:00:51,664 - ERROR - Error getting current location: Could not get location coordinates
2024-12-26 13:00:52,904 - ERROR - Error getting current location: Could not get location coordinates
2024-12-26 13:00:53,818 - ERROR - Error getting current location: Expecting value: line 1 column 1 (char 0)
2024-12-26 13:00:54,738 - ERROR - Error getting current location: Expecting value: line 1 column 1 (char 0)
2024-12-26 13:00:55,665 - ERROR - Error getting current location: Expecting value: line 1 column 1 (char 0)
2024-12-26 13:00:56,577 - ERROR - Error getting current location: Expecting value: line 1 column 1 (char 0)
2024-12-26 13:00:57,600 - ERROR - Error getting current location: Expecting value: line 1 column 1 (char 0)
2024-12-26 13:00:58,528 - ERROR - Error getting current location: Expecting value: line 1 column 1 (char 0)
2024-12-26 13:00:59,441 - ERROR - Error getting current location: Expecting value: line 1 column 1 (char 0)
2024-12-26 13:01:00,361 - ERROR - Error getting current location: Expecting value: line 1 column 1 (char 0)
2024-12-26 13:01:01,301 - ERROR - Error getting current location: Expecting value: line 1 column 1 (char 0)
2024-12-26 13:01:02,322 - ERROR - Error getting current location: Expecting value: line 1 column 1 (char 0)
2024-12-26 13:01:03,324 - ERROR - Error getting current location: Expecting value: line 1 column 1 (char 0)
2024-12-26 13:01:04,370 - ERROR - Error getting current location: Expecting value: line 1 column 1 (char 0)
2024-12-26 13:01:05,281 - ERROR - Error getting current location: Expecting value: line 1 column 1 (char 0)
2024-12-26 13:01:06,001 - ERROR - Error getting current location: Expecting value: line 1 column 1 (char 0)
2024-12-26 13:01:06,721 - ERROR - Error getting current location: Expecting value: line 1 column 1 (char 0)
2024-12-26 13:01:07,440 - ERROR - Error getting current location: Expecting value: line 1 column 1 (char 0)
2024-12-26 13:01:08,465 - ERROR - Error getting current location: Expecting value: line 1 column 1 (char 0)
2024-12-26 13:01:09,168 - ERROR - Error getting current location: Expecting value: line 1 column 1 (char 0)
2024-12-26 13:01:09,892 - ERROR - Error getting current location: Expecting value: line 1 column 1 (char 0)
2024-12-26 13:01:10,717 - ERROR - Error getting current location: Expecting value: line 1 column 1 (char 0)
2024-12-26 13:01:11,542 - ERROR - Error getting current location: Expecting value: line 1 column 1 (char 0)
2024-12-26 13:01:12,256 - ERROR - Error getting current location: Expecting value: line 1 column 1 (char 0)
2024-12-26 13:01:13,473 - ERROR - Error getting current location: Expecting value: line 1 column 1 (char 0)
2024-12-26 13:01:14,705 - ERROR - Error getting current location: Expecting value: line 1 column 1 (char 0)
2024-12-26 13:01:15,840 - ERROR - Error getting current location: Expecting value: line 1 column 1 (char 0)
2024-12-26 13:01:17,056 - ERROR - Error getting current location: Expecting value: line 1 column 1 (char 0)
2024-12-26 13:01:18,192 - ERROR - Error getting current location: Expecting value: line 1 column 1 (char 0)
2024-12-26 13:01:18,901 - ERROR - Error getting current location: Expecting value: line 1 column 1 (char 0)
2024-12-26 13:01:20,128 - ERROR - Error getting current location: Expecting value: line 1 column 1 (char 0)
2024-12-26 13:01:21,265 - ERROR - Error getting current location: Expecting value: line 1 column 1 (char 0)
2024-12-26 13:01:22,177 - ERROR - Error getting current location: Expecting value: line 1 column 1 (char 0)
2024-12-26 13:01:23,096 - ERROR - Error getting current location: Expecting value: line 1 column 1 (char 0)
2024-12-26 13:01:23,812 - ERROR - Error getting current location: Expecting value: line 1 column 1 (char 0)
2024-12-26 13:01:24,944 - ERROR - Error getting current location: Expecting value: line 1 column 1 (char 0)
2024-12-26 13:01:25,872 - ERROR - Error getting current location: Expecting value: line 1 column 1 (char 0)
2024-12-26 13:01:26,788 - ERROR - Error getting current location: Expecting value: line 1 column 1 (char 0)
2024-12-26 13:01:27,390 - ERROR - Error getting current location: Expecting value: line 1 column 1 (char 0)
2024-12-26 13:01:28,626 - ERROR - Error getting current location: Expecting value: line 1 column 1 (char 0)
2024-12-26 13:01:30,160 - ERROR - Error getting current location: Expecting value: line 1 column 1 (char 0)
2024-12-26 13:01:31,505 - ERROR - Error getting current location: Expecting value: line 1 column 1 (char 0)
2024-12-26 13:01:32,831 - ERROR - Error getting current location: Expecting value: line 1 column 1 (char 0)
2024-12-26 13:01:33,855 - ERROR - Error getting current location: Expecting value: line 1 column 1 (char 0)
2024-12-26 13:01:34,691 - ERROR - Error getting current location: Expecting value: line 1 column 1 (char 0)
2024-12-26 13:01:36,737 - ERROR - Error getting current location: Expecting value: line 1 column 1 (char 0)
2024-12-26 13:01:37,846 - ERROR - Error getting current location: Expecting value: line 1 column 1 (char 0)
2024-12-26 13:01:38,978 - ERROR - Error getting current location: Expecting value: line 1 column 1 (char 0)
2024-12-26 13:01:41,533 - INFO - Anti-spoofing detector reset
2024-12-26 13:01:42,337 - ERROR - Error getting current location: Expecting value: line 1 column 1 (char 0)
2024-12-26 13:01:43,276 - ERROR - Error getting current location: Expecting value: line 1 column 1 (char 0)
2024-12-26 13:01:44,197 - ERROR - Error getting current location: Expecting value: line 1 column 1 (char 0)
2024-12-26 13:01:45,121 - ERROR - Error getting current location: Expecting value: line 1 column 1 (char 0)
2024-12-26 13:01:46,032 - ERROR - Error getting current location: Expecting value: line 1 column 1 (char 0)
2024-12-26 13:01:46,756 - ERROR - Error getting current location: Expecting value: line 1 column 1 (char 0)
2024-12-26 13:01:47,476 - ERROR - Error getting current location: Expecting value: line 1 column 1 (char 0)
2024-12-26 13:01:48,191 - ERROR - Error getting current location: Expecting value: line 1 column 1 (char 0)
2024-12-26 13:01:48,912 - ERROR - Error getting current location: Expecting value: line 1 column 1 (char 0)
2024-12-26 13:01:50,417 - ERROR - Error getting current location: Expecting value: line 1 column 1 (char 0)
2024-12-26 13:01:51,264 - ERROR - Error getting current location: Expecting value: line 1 column 1 (char 0)
2024-12-26 13:01:52,177 - ERROR - Error getting current location: Expecting value: line 1 column 1 (char 0)
2024-12-26 13:01:53,104 - ERROR - Error getting current location: Expecting value: line 1 column 1 (char 0)
2024-12-26 13:01:54,034 - ERROR - Error getting current location: Expecting value: line 1 column 1 (char 0)
2024-12-26 13:01:55,056 - ERROR - Error getting current location: Expecting value: line 1 column 1 (char 0)
2024-12-26 13:01:55,876 - ERROR - Error getting current location: Expecting value: line 1 column 1 (char 0)
2024-12-26 13:01:56,702 - ERROR - Error getting current location: Expecting value: line 1 column 1 (char 0)
2024-12-26 13:01:57,408 - ERROR - Error getting current location: Expecting value: line 1 column 1 (char 0)
2024-12-26 13:01:58,235 - ERROR - Error getting current location: Expecting value: line 1 column 1 (char 0)
2024-12-26 13:01:59,152 - ERROR - Error getting current location: Expecting value: line 1 column 1 (char 0)
2024-12-26 13:02:00,368 - ERROR - Error getting current location: Expecting value: line 1 column 1 (char 0)
2024-12-26 13:02:01,376 - ERROR - Error getting current location: Expecting value: line 1 column 1 (char 0)
2024-12-26 13:02:03,149 - ERROR - Error getting current location: Expecting value: line 1 column 1 (char 0)
2024-12-26 13:02:04,477 - ERROR - Error getting current location: Expecting value: line 1 column 1 (char 0)
2024-12-26 13:02:04,885 - ERROR - Error getting current location: Expecting value: line 1 column 1 (char 0)
2024-12-26 13:02:06,006 - ERROR - Error getting current location: Expecting value: line 1 column 1 (char 0)
2024-12-26 13:02:07,345 - ERROR - Error getting current location: Expecting value: line 1 column 1 (char 0)
2024-12-26 13:02:08,572 - ERROR - Error getting current location: Expecting value: line 1 column 1 (char 0)
2024-12-26 13:02:09,300 - ERROR - Error getting current location: Expecting value: line 1 column 1 (char 0)
2024-12-26 13:02:10,304 - ERROR - Error getting current location: Expecting value: line 1 column 1 (char 0)
2024-12-26 13:02:11,551 - ERROR - Error getting current location: Expecting value: line 1 column 1 (char 0)
2024-12-26 13:02:12,466 - ERROR - Error getting current location: Expecting value: line 1 column 1 (char 0)
2024-12-26 13:02:13,696 - ERROR - Error getting current location: Expecting value: line 1 column 1 (char 0)
2024-12-26 13:02:14,817 - ERROR - Error getting current location: Expecting value: line 1 column 1 (char 0)
2024-12-26 13:02:16,355 - ERROR - Error getting current location: Expecting value: line 1 column 1 (char 0)
2024-12-26 13:05:37,405 - INFO - Anti-spoofing detector initialized
2024-12-26 13:05:45,609 - INFO - Location obtained from ipinfo
2024-12-26 13:05:45,610 - INFO - Current location: -5.1486,119.4319 (via ipinfo)
2024-12-26 13:05:48,112 - INFO - Location obtained from ipinfo
2024-12-26 13:05:48,112 - INFO - Current location: -5.1486,119.4319 (via ipinfo)
2024-12-26 13:05:50,582 - INFO - Location obtained from ipinfo
2024-12-26 13:05:50,582 - INFO - Current location: -5.1486,119.4319 (via ipinfo)
2024-12-26 13:05:53,019 - INFO - Location obtained from ipinfo
2024-12-26 13:05:53,019 - INFO - Current location: -5.1486,119.4319 (via ipinfo)
2024-12-26 13:05:55,387 - INFO - Location obtained from ipinfo
2024-12-26 13:05:55,388 - INFO - Current location: -5.1486,119.4319 (via ipinfo)
2024-12-26 13:05:57,744 - INFO - Location obtained from ipinfo
2024-12-26 13:05:57,744 - INFO - Current location: -5.1486,119.4319 (via ipinfo)
2024-12-26 13:06:00,092 - INFO - Location obtained from ipinfo
2024-12-26 13:06:00,092 - INFO - Current location: -5.1486,119.4319 (via ipinfo)
2024-12-26 13:06:02,144 - INFO - Location obtained from ipinfo
2024-12-26 13:06:02,144 - INFO - Current location: -5.1486,119.4319 (via ipinfo)
2024-12-26 13:06:04,286 - INFO - Location obtained from ipinfo
2024-12-26 13:06:04,286 - INFO - Current location: -5.1486,119.4319 (via ipinfo)
2024-12-26 13:06:06,443 - INFO - Location obtained from ipinfo
2024-12-26 13:06:06,443 - INFO - Current location: -5.1486,119.4319 (via ipinfo)
2024-12-26 13:06:08,588 - INFO - Location obtained from ipinfo
2024-12-26 13:06:08,588 - INFO - Current location: -5.1486,119.4319 (via ipinfo)
2024-12-26 13:06:12,283 - INFO - Location obtained from ipinfo
2024-12-26 13:06:12,283 - INFO - Current location: -5.1486,119.4319 (via ipinfo)
2024-12-26 13:06:15,036 - INFO - Location obtained from ipinfo
2024-12-26 13:06:15,036 - INFO - Current location: -5.1486,119.4319 (via ipinfo)
2024-12-26 13:06:17,291 - INFO - Location obtained from ipinfo
2024-12-26 13:06:17,291 - INFO - Current location: -5.1486,119.4319 (via ipinfo)
2024-12-26 13:06:19,452 - INFO - Location obtained from ipinfo
2024-12-26 13:06:19,453 - INFO - Current location: -5.1486,119.4319 (via ipinfo)
2024-12-26 13:06:21,485 - INFO - Location obtained from ipinfo
2024-12-26 13:06:21,485 - INFO - Current location: -5.1486,119.4319 (via ipinfo)
2024-12-26 13:06:23,547 - INFO - Location obtained from ipinfo
2024-12-26 13:06:23,548 - INFO - Current location: -5.1486,119.4319 (via ipinfo)
2024-12-26 13:06:25,691 - INFO - Location obtained from ipinfo
2024-12-26 13:06:25,691 - INFO - Current location: -5.1486,119.4319 (via ipinfo)
2024-12-26 13:06:28,763 - INFO - Location obtained from ipinfo
2024-12-26 13:06:28,763 - INFO - Current location: -5.1486,119.4319 (via ipinfo)
2024-12-26 13:06:31,017 - INFO - Location obtained from ipinfo
2024-12-26 13:06:31,017 - INFO - Current location: -5.1486,119.4319 (via ipinfo)
2024-12-26 13:06:33,482 - INFO - Location obtained from ipinfo
2024-12-26 13:06:33,482 - INFO - Current location: -5.1486,119.4319 (via ipinfo)
2024-12-26 13:06:35,827 - INFO - Location obtained from ipinfo
2024-12-26 13:06:35,827 - INFO - Current location: -5.1486,119.4319 (via ipinfo)
2024-12-26 13:06:38,294 - INFO - Location obtained from ipinfo
2024-12-26 13:06:38,294 - INFO - Current location: -5.1486,119.4319 (via ipinfo)
2024-12-26 13:06:40,845 - INFO - Location obtained from ipinfo
2024-12-26 13:06:40,845 - INFO - Current location: -5.1486,119.4319 (via ipinfo)
2024-12-26 13:06:43,307 - INFO - Location obtained from ipinfo
2024-12-26 13:06:43,307 - INFO - Current location: -5.1486,119.4319 (via ipinfo)
2024-12-26 13:06:45,767 - INFO - Location obtained from ipinfo
2024-12-26 13:06:45,767 - INFO - Current location: -5.1486,119.4319 (via ipinfo)
2024-12-26 13:06:48,322 - INFO - Location obtained from ipinfo
2024-12-26 13:06:48,322 - INFO - Current location: -5.1486,119.4319 (via ipinfo)
2024-12-26 13:06:50,683 - INFO - Location obtained from ipinfo
2024-12-26 13:06:50,684 - INFO - Current location: -5.1486,119.4319 (via ipinfo)
2024-12-26 13:06:54,063 - INFO - Location obtained from ipinfo
2024-12-26 13:06:54,063 - INFO - Current location: -5.1486,119.4319 (via ipinfo)
2024-12-26 13:06:57,160 - INFO - Location obtained from ipinfo
2024-12-26 13:06:57,160 - INFO - Current location: -5.1486,119.4319 (via ipinfo)
2024-12-26 13:07:00,411 - INFO - Location obtained from ipinfo
2024-12-26 13:07:00,411 - INFO - Current location: -5.1486,119.4319 (via ipinfo)
2024-12-26 13:07:03,485 - INFO - Location obtained from ipinfo
2024-12-26 13:07:03,485 - INFO - Current location: -5.1486,119.4319 (via ipinfo)
2024-12-26 13:07:06,480 - INFO - Location obtained from ipinfo
2024-12-26 13:07:06,480 - INFO - Current location: -5.1486,119.4319 (via ipinfo)
2024-12-26 13:07:09,526 - INFO - Location obtained from ipinfo
2024-12-26 13:07:09,526 - INFO - Current location: -5.1486,119.4319 (via ipinfo)
2024-12-26 13:07:12,801 - INFO - Location obtained from ipinfo
2024-12-26 13:07:12,801 - INFO - Current location: -5.1486,119.4319 (via ipinfo)
2024-12-26 13:07:16,692 - INFO - Location obtained from ipinfo
2024-12-26 13:07:16,692 - INFO - Current location: -5.1486,119.4319 (via ipinfo)
2024-12-26 13:07:19,867 - INFO - Location obtained from ipinfo
2024-12-26 13:07:19,867 - INFO - Current location: -5.1486,119.4319 (via ipinfo)
2024-12-26 13:07:23,041 - INFO - Location obtained from ipinfo
2024-12-26 13:07:23,041 - INFO - Current location: -5.1486,119.4319 (via ipinfo)
2024-12-26 13:07:26,416 - INFO - Location obtained from ipinfo
2024-12-26 13:07:26,422 - INFO - Current location: -5.1486,119.4319 (via ipinfo)
2024-12-26 13:07:29,701 - INFO - Location obtained from ipinfo
2024-12-26 13:07:29,701 - INFO - Current location: -5.1486,119.4319 (via ipinfo)
2024-12-26 13:07:33,076 - INFO - Location obtained from ipinfo
2024-12-26 13:07:33,076 - INFO - Current location: -5.1486,119.4319 (via ipinfo)
2024-12-26 13:07:36,456 - INFO - Location obtained from ipinfo
2024-12-26 13:07:36,456 - INFO - Current location: -5.1486,119.4319 (via ipinfo)
2024-12-26 13:07:39,732 - INFO - Location obtained from ipinfo
2024-12-26 13:07:39,732 - INFO - Current location: -5.1486,119.4319 (via ipinfo)
2024-12-26 13:07:43,005 - INFO - Location obtained from ipinfo
2024-12-26 13:07:43,005 - INFO - Current location: -5.1486,119.4319 (via ipinfo)
2024-12-26 13:07:46,386 - INFO - Location obtained from ipinfo
2024-12-26 13:07:46,386 - INFO - Current location: -5.1486,119.4319 (via ipinfo)
2024-12-26 13:07:49,565 - INFO - Location obtained from ipinfo
2024-12-26 13:07:49,565 - INFO - Current location: -5.1486,119.4319 (via ipinfo)
2024-12-26 13:07:53,047 - INFO - Location obtained from ipinfo
2024-12-26 13:07:53,049 - INFO - Current location: -5.1486,119.4319 (via ipinfo)
2024-12-26 13:07:56,328 - INFO - Location obtained from ipinfo
2024-12-26 13:07:56,329 - INFO - Current location: -5.1486,119.4319 (via ipinfo)
2024-12-26 13:08:00,109 - INFO - Location obtained from ipinfo
2024-12-26 13:08:00,109 - INFO - Current location: -5.1486,119.4319 (via ipinfo)
2024-12-26 13:08:02,988 - INFO - Location obtained from ipinfo
2024-12-26 13:08:02,994 - INFO - Current location: -5.1486,119.4319 (via ipinfo)
2024-12-26 13:08:06,248 - INFO - Location obtained from ipinfo
2024-12-26 13:08:06,248 - INFO - Current location: -5.1486,119.4319 (via ipinfo)
2024-12-26 13:08:08,975 - INFO - Location obtained from ipinfo
2024-12-26 13:08:08,975 - INFO - Current location: -5.1486,119.4319 (via ipinfo)
2024-12-26 13:08:12,394 - INFO - Location obtained from ipinfo
2024-12-26 13:08:12,394 - INFO - Current location: -5.1486,119.4319 (via ipinfo)
2024-12-26 13:08:15,366 - INFO - Location obtained from ipinfo
2024-12-26 13:08:15,366 - INFO - Current location: -5.1486,119.4319 (via ipinfo)
2024-12-26 13:08:18,544 - INFO - Location obtained from ipinfo
2024-12-26 13:08:18,544 - INFO - Current location: -5.1486,119.4319 (via ipinfo)
2024-12-26 13:08:21,510 - INFO - Location obtained from ipinfo
2024-12-26 13:08:21,510 - INFO - Current location: -5.1486,119.4319 (via ipinfo)
2024-12-26 13:08:24,577 - INFO - Location obtained from ipinfo
2024-12-26 13:08:24,577 - INFO - Current location: -5.1486,119.4319 (via ipinfo)
2024-12-26 13:08:27,660 - INFO - Location obtained from ipinfo
2024-12-26 13:08:27,660 - INFO - Current location: -5.1486,119.4319 (via ipinfo)
2024-12-26 13:08:30,832 - INFO - Location obtained from ipinfo
2024-12-26 13:08:30,832 - INFO - Current location: -5.1486,119.4319 (via ipinfo)
2024-12-26 13:08:33,903 - INFO - Location obtained from ipinfo
2024-12-26 13:08:33,903 - INFO - Current location: -5.1486,119.4319 (via ipinfo)
2024-12-26 13:08:37,073 - INFO - Location obtained from ipinfo
2024-12-26 13:08:37,080 - INFO - Current location: -5.1486,119.4319 (via ipinfo)
2024-12-26 13:08:40,341 - INFO - Location obtained from ipinfo
2024-12-26 13:08:40,341 - INFO - Current location: -5.1486,119.4319 (via ipinfo)
2024-12-26 13:08:43,422 - INFO - Location obtained from ipinfo
2024-12-26 13:08:43,422 - INFO - Current location: -5.1486,119.4319 (via ipinfo)
2024-12-26 13:08:46,497 - INFO - Location obtained from ipinfo
2024-12-26 13:08:46,497 - INFO - Current location: -5.1486,119.4319 (via ipinfo)
2024-12-26 13:08:50,900 - INFO - Location obtained from ipinfo
2024-12-26 13:08:50,900 - INFO - Current location: -5.1486,119.4319 (via ipinfo)
2024-12-26 13:08:54,484 - INFO - Location obtained from ipinfo
2024-12-26 13:08:54,485 - INFO - Current location: -5.1486,119.4319 (via ipinfo)
2024-12-26 13:08:57,446 - INFO - Location obtained from ipinfo
2024-12-26 13:08:57,454 - INFO - Current location: -5.1486,119.4319 (via ipinfo)
2024-12-26 13:09:00,624 - INFO - Location obtained from ipinfo
2024-12-26 13:09:00,628 - INFO - Current location: -5.1486,119.4319 (via ipinfo)
2024-12-26 13:09:04,010 - INFO - Location obtained from ipinfo
2024-12-26 13:09:04,010 - INFO - Current location: -5.1486,119.4319 (via ipinfo)
2024-12-26 13:09:07,277 - INFO - Location obtained from ipinfo
2024-12-26 13:09:07,285 - INFO - Current location: -5.1486,119.4319 (via ipinfo)
2024-12-26 13:09:09,848 - INFO - Location obtained from ipinfo
2024-12-26 13:09:09,848 - INFO - Current location: -5.1486,119.4319 (via ipinfo)
2024-12-26 13:09:12,302 - INFO - Location obtained from ipinfo
2024-12-26 13:09:12,302 - INFO - Current location: -5.1486,119.4319 (via ipinfo)
2024-12-26 13:09:14,757 - INFO - Location obtained from ipinfo
2024-12-26 13:09:14,757 - INFO - Current location: -5.1486,119.4319 (via ipinfo)
2024-12-26 13:09:17,425 - INFO - Location obtained from ipinfo
2024-12-26 13:09:17,425 - INFO - Current location: -5.1486,119.4319 (via ipinfo)
2024-12-26 13:09:19,052 - INFO - Location obtained from ipinfo
2024-12-26 13:09:19,052 - INFO - Current location: -5.1486,119.4319 (via ipinfo)
2024-12-26 13:09:20,906 - INFO - Location obtained from ipinfo
2024-12-26 13:09:20,908 - INFO - Current location: -5.1486,119.4319 (via ipinfo)
2024-12-26 13:09:27,143 - INFO - Anti-spoofing detector initialized with improved depth detection
2024-12-26 13:09:34,101 - INFO - Location obtained from ipinfo
2024-12-26 13:09:34,101 - INFO - Current location: -5.1486,119.4319 (via ipinfo)
2024-12-26 13:09:36,458 - INFO - Location obtained from ipinfo
2024-12-26 13:09:36,458 - INFO - Current location: -5.1486,119.4319 (via ipinfo)
2024-12-26 13:09:38,812 - INFO - Location obtained from ipinfo
2024-12-26 13:09:38,812 - INFO - Current location: -5.1486,119.4319 (via ipinfo)
2024-12-26 13:09:41,065 - INFO - Location obtained from ipinfo
2024-12-26 13:09:41,065 - INFO - Current location: -5.1486,119.4319 (via ipinfo)
2024-12-26 13:09:43,626 - INFO - Location obtained from ipinfo
2024-12-26 13:09:43,626 - INFO - Current location: -5.1486,119.4319 (via ipinfo)
2024-12-26 13:09:45,785 - INFO - Location obtained from ipinfo
2024-12-26 13:09:45,785 - INFO - Current location: -5.1486,119.4319 (via ipinfo)
2024-12-26 13:09:48,234 - INFO - Location obtained from ipinfo
2024-12-26 13:09:48,234 - INFO - Current location: -5.1486,119.4319 (via ipinfo)
2024-12-26 13:09:50,909 - INFO - Location obtained from ipinfo
2024-12-26 13:09:50,909 - INFO - Current location: -5.1486,119.4319 (via ipinfo)
2024-12-26 13:09:53,353 - INFO - Location obtained from ipinfo
2024-12-26 13:09:53,353 - INFO - Current location: -5.1486,119.4319 (via ipinfo)
2024-12-26 13:09:55,817 - INFO - Location obtained from ipinfo
2024-12-26 13:09:55,817 - INFO - Current location: -5.1486,119.4319 (via ipinfo)
2024-12-26 13:09:58,169 - INFO - Location obtained from ipinfo
2024-12-26 13:09:58,169 - INFO - Current location: -5.1486,119.4319 (via ipinfo)
2024-12-26 13:10:00,636 - INFO - Location obtained from ipinfo
2024-12-26 13:10:00,636 - INFO - Current location: -5.1486,119.4319 (via ipinfo)
2024-12-26 13:10:03,081 - INFO - Location obtained from ipinfo
2024-12-26 13:10:03,081 - INFO - Current location: -5.1486,119.4319 (via ipinfo)
2024-12-26 13:10:06,921 - INFO - Location obtained from ipinfo
2024-12-26 13:10:06,921 - INFO - Current location: -5.1486,119.4319 (via ipinfo)
2024-12-26 13:10:09,225 - INFO - Location obtained from ipinfo
2024-12-26 13:10:09,225 - INFO - Current location: -5.1486,119.4319 (via ipinfo)
2024-12-26 13:10:11,692 - INFO - Location obtained from ipinfo
2024-12-26 13:10:11,692 - INFO - Current location: -5.1486,119.4319 (via ipinfo)
2024-12-26 13:10:14,137 - INFO - Location obtained from ipinfo
2024-12-26 13:10:14,137 - INFO - Current location: -5.1486,119.4319 (via ipinfo)
2024-12-26 13:10:15,996 - INFO - Location obtained from ipinfo
2024-12-26 13:10:15,996 - INFO - Current location: -5.1486,119.4319 (via ipinfo)
2024-12-26 13:10:19,258 - INFO - Location obtained from ipinfo
2024-12-26 13:10:19,258 - INFO - Current location: -5.1486,119.4319 (via ipinfo)
2024-12-26 13:10:21,417 - INFO - Location obtained from ipinfo
2024-12-26 13:10:21,417 - INFO - Current location: -5.1486,119.4319 (via ipinfo)
2024-12-26 13:10:23,672 - INFO - Location obtained from ipinfo
2024-12-26 13:10:23,672 - INFO - Current location: -5.1486,119.4319 (via ipinfo)
2024-12-26 13:10:25,614 - INFO - Location obtained from ipinfo
2024-12-26 13:10:25,614 - INFO - Current location: -5.1486,119.4319 (via ipinfo)
2024-12-26 13:10:27,563 - INFO - Location obtained from ipinfo
2024-12-26 13:10:27,563 - INFO - Current location: -5.1486,119.4319 (via ipinfo)
2024-12-26 13:10:29,482 - INFO - Location obtained from ipinfo
2024-12-26 13:10:29,482 - INFO - Current location: -5.1486,119.4319 (via ipinfo)
2024-12-26 13:10:31,752 - INFO - Location obtained from ipinfo
2024-12-26 13:10:31,752 - INFO - Current location: -5.1486,119.4319 (via ipinfo)
2024-12-26 13:10:34,320 - INFO - Location obtained from ipinfo
2024-12-26 13:10:34,320 - INFO - Current location: -5.1486,119.4319 (via ipinfo)
2024-12-26 13:10:36,666 - INFO - Location obtained from ipinfo
2024-12-26 13:10:36,666 - INFO - Current location: -5.1486,119.4319 (via ipinfo)
2024-12-26 13:10:39,132 - INFO - Location obtained from ipinfo
2024-12-26 13:10:39,132 - INFO - Current location: -5.1486,119.4319 (via ipinfo)
2024-12-26 13:10:41,593 - INFO - Location obtained from ipinfo
2024-12-26 13:10:41,594 - INFO - Current location: -5.1486,119.4319 (via ipinfo)
2024-12-26 13:10:44,153 - INFO - Location obtained from ipinfo
2024-12-26 13:10:44,153 - INFO - Current location: -5.1486,119.4319 (via ipinfo)
2024-12-26 13:10:46,766 - INFO - Location obtained from ipinfo
2024-12-26 13:10:46,766 - INFO - Current location: -5.1486,119.4319 (via ipinfo)
2024-12-26 13:10:48,751 - INFO - Location obtained from ipinfo
2024-12-26 13:10:48,751 - INFO - Current location: -5.1486,119.4319 (via ipinfo)
2024-12-26 13:10:51,017 - INFO - Location obtained from ipinfo
2024-12-26 13:10:51,017 - INFO - Current location: -5.1486,119.4319 (via ipinfo)
2024-12-26 13:10:53,561 - INFO - Location obtained from ipinfo
2024-12-26 13:10:53,561 - INFO - Current location: -5.1486,119.4319 (via ipinfo)
2024-12-26 13:10:56,441 - INFO - Location obtained from ipinfo
2024-12-26 13:10:56,441 - INFO - Current location: -5.1486,119.4319 (via ipinfo)
2024-12-26 13:10:58,889 - INFO - Location obtained from ipinfo
2024-12-26 13:10:58,889 - INFO - Current location: -5.1486,119.4319 (via ipinfo)
2024-12-26 13:11:01,564 - INFO - Location obtained from ipinfo
2024-12-26 13:11:01,564 - INFO - Current location: -5.1486,119.4319 (via ipinfo)
2024-12-26 13:11:03,606 - INFO - Location obtained from ipinfo
2024-12-26 13:11:03,606 - INFO - Current location: -5.1486,119.4319 (via ipinfo)
2024-12-26 13:11:07,087 - INFO - Location obtained from ipinfo
2024-12-26 13:11:07,087 - INFO - Current location: -5.1486,119.4319 (via ipinfo)
2024-12-26 13:11:09,752 - INFO - Location obtained from ipinfo
2024-12-26 13:11:09,753 - INFO - Current location: -5.1486,119.4319 (via ipinfo)
